<?xml version="1.0" encoding="UTF-8"?>
<testsuite name="cz.mendelu.pjj.prednaska2.PravouhlyTrojuhelnikTest" tests="3" skipped="0" failures="0" errors="0" timestamp="2019-10-08T12:39:20" hostname="jedla" time="0.003">
  <properties/>
  <testcase name="testToString" classname="cz.mendelu.pjj.prednaska2.PravouhlyTrojuhelnikTest" time="0.003"/>
  <testcase name="testMakePravouhlyTrojuhelnik" classname="cz.mendelu.pjj.prednaska2.PravouhlyTrojuhelnikTest" time="0.0"/>
  <testcase name="makePravouhlyTrojuhelnik" classname="cz.mendelu.pjj.prednaska2.PravouhlyTrojuhelnikTest" time="0.0"/>
  <system-out><![CDATA[]]></system-out>
  <system-err><![CDATA[]]></system-err>
</testsuite>
