<?xml version="1.0" encoding="UTF-8"?>
<testsuite name="SouboryTest" tests="1" skipped="0" failures="0" errors="0" timestamp="2019-10-31T08:59:13" hostname="MSI" time="0.007">
  <properties/>
  <testcase name="randomBytesToFile" classname="SouboryTest" time="0.007"/>
  <system-out><![CDATA[]]></system-out>
  <system-err><![CDATA[]]></system-err>
</testsuite>
